;;; 
Export: Release 21.0.0.0.0 - Production on Wed Sep 10 03:06:04 2025
Version 21.3.0.0.0

Copyright (c) 1982, 2021, Oracle and/or its affiliates.  All rights reserved.
;;; 
Connected to: Oracle Database 21c Express Edition Release 21.0.0.0.0 - Production
Starting "ODONTOLOGY_CLI"."SYS_EXPORT_SCHEMA_01":  odontology_cli/********@//localhost:1521/XE directory=BACKUP_DIR dumpfile=odontology_backup_20250910.dmp logfile=odontology_backup_20250910.log schemas=odontology_cli 
Processing object type SCHEMA_EXPORT/TABLE/TABLE_DATA
Processing object type SCHEMA_EXPORT/TABLE/INDEX/STATISTICS/INDEX_STATISTICS
Processing object type SCHEMA_EXPORT/TABLE/STATISTICS/TABLE_STATISTICS
Processing object type SCHEMA_EXPORT/SYSTEM_GRANT
Processing object type SCHEMA_EXPORT/ROLE_GRANT
Processing object type SCHEMA_EXPORT/DEFAULT_ROLE
Processing object type SCHEMA_EXPORT/TABLESPACE_QUOTA
Processing object type SCHEMA_EXPORT/PRE_SCHEMA/PROCACT_SCHEMA
Processing object type SCHEMA_EXPORT/TABLE/TABLE
Processing object type SCHEMA_EXPORT/TABLE/COMMENT
Processing object type SCHEMA_EXPORT/TABLE/IDENTITY_COLUMN
Processing object type SCHEMA_EXPORT/TABLE/INDEX/INDEX
Processing object type SCHEMA_EXPORT/TABLE/CONSTRAINT/CONSTRAINT
Processing object type SCHEMA_EXPORT/TABLE/CONSTRAINT/REF_CONSTRAINT
. . exported "ODONTOLOGY_CLI"."APPOINTMENTS"                 0 KB       0 rows
. . exported "ODONTOLOGY_CLI"."DENTAL_HISTORIES"             0 KB       0 rows
. . exported "ODONTOLOGY_CLI"."DENTAL_LABS"                  0 KB       0 rows
. . exported "ODONTOLOGY_CLI"."DENTISTS"                     0 KB       0 rows
. . exported "ODONTOLOGY_CLI"."MATERIALS"                    0 KB       0 rows
. . exported "ODONTOLOGY_CLI"."PATIENTS"                     0 KB       0 rows
. . exported "ODONTOLOGY_CLI"."PAYMENTS"                     0 KB       0 rows
. . exported "ODONTOLOGY_CLI"."PROCEDURES"                   0 KB       0 rows
. . exported "ODONTOLOGY_CLI"."TEETH"                        0 KB       0 rows
. . exported "ODONTOLOGY_CLI"."TREATMENTS"                   0 KB       0 rows
. . exported "ODONTOLOGY_CLI"."TREATMENT_MATERIALS"          0 KB       0 rows
. . exported "ODONTOLOGY_CLI"."TREATMENT_PLANS"              0 KB       0 rows
Master table "ODONTOLOGY_CLI"."SYS_EXPORT_SCHEMA_01" successfully loaded/unloaded
******************************************************************************
Dump file set for ODONTOLOGY_CLI.SYS_EXPORT_SCHEMA_01 is:
  /opt/oracle/backups/odontology_backup_20250910.dmp
Job "ODONTOLOGY_CLI"."SYS_EXPORT_SCHEMA_01" successfully completed at Wed Sep 10 03:07:19 2025 elapsed 0 00:01:13
