;;; 
Import: Release 21.0.0.0.0 - Production on Wed Sep 10 03:15:20 2025
Version 21.3.0.0.0

Copyright (c) 1982, 2021, Oracle and/or its affiliates.  All rights reserved.
;;; 
Connected to: Oracle Database 21c Express Edition Release 21.0.0.0.0 - Production
Master table "ODONTOLOGY_CLI"."SYS_IMPORT_FULL_01" successfully loaded/unloaded
Starting "ODONTOLOGY_CLI"."SYS_IMPORT_FULL_01":  odontology_cli/********@//localhost:1521/XE directory=BACKUP_DIR dumpfile=odontology_backup_20250910.dmp logfile=restore_20250910_031520.log remap_tablespace=USERS:USERS table_exists_action=replace transform=segment_attributes:n 
Processing object type SCHEMA_EXPORT/SYSTEM_GRANT
ORA-31685: Object type SYSTEM_GRANT:"ODONTOLOGY_CLI"."CREATE TABLE" failed due to insufficient privileges. Failing sql is:
GRANT CREATE TABLE TO "ODONTOLOGY_CLI"
ORA-31685: Object type SYSTEM_GRANT:"ODONTOLOGY_CLI"."UNLIMITED TABLESPACE" failed due to insufficient privileges. Failing sql is:
GRANT UNLIMITED TABLESPACE TO "ODONTOLOGY_CLI"
ORA-31685: Object type SYSTEM_GRANT:"ODONTOLOGY_CLI"."CREATE SESSION" failed due to insufficient privileges. Failing sql is:
GRANT CREATE SESSION TO "ODONTOLOGY_CLI"
Processing object type SCHEMA_EXPORT/ROLE_GRANT
ORA-39083: Object type ROLE_GRANT failed to create with error:
ORA-01932: ADMIN option not granted for role 'CONNECT'

Failing sql is:
 GRANT "CONNECT" TO "ODONTOLOGY_CLI"
ORA-39083: Object type ROLE_GRANT failed to create with error:
ORA-01932: ADMIN option not granted for role 'RESOURCE'

Failing sql is:
 GRANT "RESOURCE" TO "ODONTOLOGY_CLI"
ORA-39083: Object type ROLE_GRANT failed to create with error:
ORA-01924: role 'EXP_FULL_DATABASE' not granted or does not exist

Failing sql is:
 GRANT "EXP_FULL_DATABASE" TO "ODONTOLOGY_CLI"
Processing object type SCHEMA_EXPORT/DEFAULT_ROLE
ORA-31685: Object type DEFAULT_ROLE:"ODONTOLOGY_CLI" failed due to insufficient privileges. Failing sql is:
 ALTER USER "ODONTOLOGY_CLI" DEFAULT ROLE ALL
Processing object type SCHEMA_EXPORT/TABLESPACE_QUOTA
ORA-31685: Object type TABLESPACE_QUOTA:"ODONTOLOGY_CLI"."USERS" failed due to insufficient privileges. Failing sql is:
DECLARE   TEMP_COUNT NUMBER;   SQLSTR VARCHAR2(200); BEGIN   SQLSTR := 'ALTER USER "ODONTOLOGY_CLI" QUOTA UNLIMITED ON "USERS"';  EXECUTE IMMEDIATE SQLSTR;EXCEPTION   WHEN OTHERS THEN    IF SQLCODE = -30041 THEN       SQLSTR := 'SELECT COUNT(*) FROM USER_TABLESPACES               WHERE TABLESPACE_NAME = ''USERS'' AND CONTENTS = ''TEMPORARY''';      EXECUTE IMMEDIATE SQLSTR INTO TEMP_COUNT;      IF TEMP_COUNT = 1 THEN RETURN;       ELSE RAISE;       END IF;    ELSE      RAISE;    END IF;END;
Processing object type SCHEMA_EXPORT/PRE_SCHEMA/PROCACT_SCHEMA
Processing object type SCHEMA_EXPORT/TABLE/TABLE
Processing object type SCHEMA_EXPORT/TABLE/TABLE_DATA
. . imported "ODONTOLOGY_CLI"."APPOINTMENTS"                 0 KB       0 rows
. . imported "ODONTOLOGY_CLI"."DENTAL_HISTORIES"             0 KB       0 rows
. . imported "ODONTOLOGY_CLI"."DENTAL_LABS"                  0 KB       0 rows
. . imported "ODONTOLOGY_CLI"."DENTISTS"                     0 KB       0 rows
. . imported "ODONTOLOGY_CLI"."MATERIALS"                    0 KB       0 rows
. . imported "ODONTOLOGY_CLI"."PATIENTS"                     0 KB       0 rows
. . imported "ODONTOLOGY_CLI"."PAYMENTS"                     0 KB       0 rows
. . imported "ODONTOLOGY_CLI"."PROCEDURES"                   0 KB       0 rows
. . imported "ODONTOLOGY_CLI"."TEETH"                        0 KB       0 rows
. . imported "ODONTOLOGY_CLI"."TREATMENTS"                   0 KB       0 rows
. . imported "ODONTOLOGY_CLI"."TREATMENT_MATERIALS"          0 KB       0 rows
. . imported "ODONTOLOGY_CLI"."TREATMENT_PLANS"              0 KB       0 rows
Processing object type SCHEMA_EXPORT/TABLE/IDENTITY_COLUMN
Processing object type SCHEMA_EXPORT/TABLE/CONSTRAINT/CONSTRAINT
Processing object type SCHEMA_EXPORT/TABLE/INDEX/STATISTICS/INDEX_STATISTICS
Processing object type SCHEMA_EXPORT/TABLE/CONSTRAINT/REF_CONSTRAINT
Processing object type SCHEMA_EXPORT/TABLE/STATISTICS/TABLE_STATISTICS
Job "ODONTOLOGY_CLI"."SYS_IMPORT_FULL_01" completed with 8 error(s) at Wed Sep 10 03:15:38 2025 elapsed 0 00:00:12
